# JRE version: Java(TM) SE Runtime Environment (7.0_80-b15) (build 1.7.0_80-b15)
# Java VM: Java HotSpot(TM) Client VM (24.80-b11 mixed mode windows-x86 )
Heap
 def new generation   total 4928K, used 1775K [0x04e00000, 0x05350000, 0x0a350000)
  eden space 4416K,  39% used [0x04e00000, 0x04fb6c88, 0x05250000)
  from space 512K,   3% used [0x052d0000, 0x052d5030, 0x05350000)
  to   space 512K,   0% used [0x05250000, 0x05250000, 0x052d0000)
 tenured generation   total 10944K, used 1970K [0x0a350000, 0x0ae00000, 0x14e00000)
   the space 10944K,  18% used [0x0a350000, 0x0a53cbf0, 0x0a53cc00, 0x0ae00000)
 compacting perm gen  total 12288K, used 9325K [0x14e00000, 0x15a00000, 0x18e00000)
   the space 12288K,  75% used [0x14e00000, 0x1571b738, 0x1571b800, 0x15a00000)
GC Heap History (6 events):
Event: 2.102 GC heap before
{Heap before GC invocations=0 (full 0):
 def new generation   total 4928K, used 4387K [0x04e00000, 0x05350000, 0x0a350000)
  eden space 4416K,  99% used [0x04e00000, 0x05248de8, 0x05250000)
  from space 512K,   0% used [0x05250000, 0x05250000, 0x052d0000)
  to   space 512K,   0% used [0x052d0000, 0x052d0000, 0x05350000)
 tenured generation   total 10944K, used 0K [0x0a350000, 0x0ae00000, 0x14e00000)
   the space 10944K,   0% used [0x0a350000, 0x0a350000, 0x0a350200, 0x0ae00000)
 compacting perm gen  total 12288K, used 6845K [0x14e00000, 0x15a00000, 0x18e00000)
   the space 12288K,  55% used [0x14e00000, 0x154af790, 0x154af800, 0x15a00000)
No shared spaces configured.
Event: 2.122 GC heap after
Heap after GC invocations=1 (full 0):
 def new generation   total 4928K, used 512K [0x04e00000, 0x05350000, 0x0a350000)
  eden space 4416K,   0% used [0x04e00000, 0x04e00000, 0x05250000)
  from space 512K, 100% used [0x052d0000, 0x05350000, 0x05350000)
  to   space 512K,   0% used [0x05250000, 0x05250000, 0x052d0000)
 tenured generation   total 10944K, used 1048K [0x0a350000, 0x0ae00000, 0x14e00000)
   the space 10944K,   9% used [0x0a350000, 0x0a456318, 0x0a456400, 0x0ae00000)
 compacting perm gen  total 12288K, used 6845K [0x14e00000, 0x15a00000, 0x18e00000)
   the space 12288K,  55% used [0x14e00000, 0x154af790, 0x154af800, 0x15a00000)
No shared spaces configured.
}
Event: 33.954 GC heap before
{Heap before GC invocations=1 (full 0):
 def new generation   total 4928K, used 4928K [0x04e00000, 0x05350000, 0x0a350000)
  eden space 4416K, 100% used [0x04e00000, 0x05250000, 0x05250000)
  from space 512K, 100% used [0x052d0000, 0x05350000, 0x05350000)
  to   space 512K,   0% used [0x05250000, 0x05250000, 0x052d0000)
 tenured generation   total 10944K, used 1048K [0x0a350000, 0x0ae00000, 0x14e00000)
   the space 10944K,   9% used [0x0a350000, 0x0a456318, 0x0a456400, 0x0ae00000)
 compacting perm gen  total 12288K, used 8752K [0x14e00000, 0x15a00000, 0x18e00000)
   the space 12288K,  71% used [0x14e00000, 0x1568c128, 0x1568c200, 0x15a00000)
No shared spaces configured.
Event: 33.991 GC heap after
Heap after GC invocations=2 (full 0):
 def new generation   total 4928K, used 512K [0x04e00000, 0x05350000, 0x0a350000)
  eden space 4416K,   0% used [0x04e00000, 0x04e00000, 0x05250000)
  from space 512K, 100% used [0x05250000, 0x052d0000, 0x052d0000)
  to   space 512K,   0% used [0x052d0000, 0x052d0000, 0x05350000)
 tenured generation   total 10944K, used 1576K [0x0a350000, 0x0ae00000, 0x14e00000)
   the space 10944K,  14% used [0x0a350000, 0x0a4da028, 0x0a4da200, 0x0ae00000)
 compacting perm gen  total 12288K, used 8752K [0x14e00000, 0x15a00000, 0x18e00000)
   the space 12288K,  71% used [0x14e00000, 0x1568c128, 0x1568c200, 0x15a00000)
No shared spaces configured.
}
Event: 38.534 GC heap before
{Heap before GC invocations=2 (full 0):
 def new generation   total 4928K, used 4928K [0x04e00000, 0x05350000, 0x0a350000)
  eden space 4416K, 100% used [0x04e00000, 0x05250000, 0x05250000)
  from space 512K, 100% used [0x05250000, 0x052d0000, 0x052d0000)
  to   space 512K,   0% used [0x052d0000, 0x052d0000, 0x05350000)
 tenured generation   total 10944K, used 1576K [0x0a350000, 0x0ae00000, 0x14e00000)
   the space 10944K,  14% used [0x0a350000, 0x0a4da028, 0x0a4da200, 0x0ae00000)
 compacting perm gen  total 12288K, used 8756K [0x14e00000, 0x15a00000, 0x18e00000)
   the space 12288K,  71% used [0x14e00000, 0x1568d120, 0x1568d200, 0x15a00000)
No shared spaces configured.
Event: 38.555 GC heap after
Heap after GC invocations=3 (full 0):
 def new generation   total 4928K, used 20K [0x04e00000, 0x05350000, 0x0a350000)
  eden space 4416K,   0% used [0x04e00000, 0x04e00000, 0x05250000)
  from space 512K,   3% used [0x052d0000, 0x052d5030, 0x05350000)
  to   space 512K,   0% used [0x05250000, 0x05250000, 0x052d0000)
 tenured generation   total 10944K, used 1970K [0x0a350000, 0x0ae00000, 0x14e00000)
   the space 10944K,  18% used [0x0a350000, 0x0a53cbf0, 0x0a53cc00, 0x0ae00000)
 compacting perm gen  total 12288K, used 8756K [0x14e00000, 0x15a00000, 0x18e00000)
   the space 12288K,  71% used [0x14e00000, 0x1568d120, 0x1568d200, 0x15a00000)
No shared spaces configured.
}

